2025-03-27 10:06:53,515 - INFO - Starting Sentiment Analysis Pipeline...
2025-03-27 10:06:53,516 - INFO - Loading raw data...
2025-03-27 10:06:53,516 - INFO - Opening Excel Files...
2025-03-27 10:07:29,842 - INFO - Data successfully written to raw_tweets table.
2025-03-27 10:07:29,868 - INFO - Preprocessing data...
2025-03-27 10:08:29,801 - INFO - Starting Sentiment Analysis Pipeline...
2025-03-27 10:08:29,802 - INFO - Loading raw data...
2025-03-27 10:08:29,802 - INFO - Opening Excel Files...
2025-03-27 10:09:45,631 - INFO - Starting Sentiment Analysis Pipeline...
2025-03-27 10:09:45,632 - INFO - Loading raw data...
2025-03-27 10:09:45,632 - INFO - Opening Excel Files...
2025-03-27 10:10:18,865 - INFO - Data successfully written to raw_tweets table.
2025-03-27 10:10:18,889 - INFO - Preprocessing data...
2025-03-27 10:13:17,925 - INFO - Training the model...
2025-03-27 10:22:18,306 - INFO - Starting Sentiment Analysis Pipeline...
2025-03-27 10:22:18,307 - INFO - Loading raw data...
2025-03-27 10:22:18,307 - INFO - Opening Excel Files...
2025-03-27 10:22:51,619 - INFO - Data successfully written to raw_tweets table.
2025-03-27 10:22:51,642 - INFO - Preprocessing data...
2025-03-27 10:25:29,373 - INFO - Training the model...
2025-03-27 10:26:11,536 - INFO - Starting Sentiment Analysis Pipeline...
2025-03-27 10:26:11,536 - INFO - Loading raw data...
2025-03-27 10:26:11,536 - INFO - Opening Excel Files...
2025-03-27 10:26:46,343 - INFO - Data successfully written to raw_tweets table.
2025-03-27 10:26:46,367 - INFO - Preprocessing data...
2025-03-27 10:29:23,561 - INFO - Training the model...
2025-03-27 10:29:24,443 - INFO - saving model
2025-03-27 16:26:12,970 - INFO - Starting Sentiment Analysis Pipeline...
2025-03-27 16:26:12,971 - INFO - Loading raw data...
2025-03-27 16:26:12,971 - INFO - Opening Excel Files...
2025-03-27 16:26:48,840 - INFO - Data successfully written to raw_tweets table.
2025-03-27 16:26:48,864 - INFO - Preprocessing data...
2025-03-27 16:29:28,166 - INFO - Training the model...
2025-03-27 16:29:29,103 - INFO - saving model
2025-03-27 16:51:50,745 - INFO - Starting Sentiment Analysis Pipeline...
2025-03-27 16:51:50,745 - INFO - Loading raw data...
2025-03-27 16:51:50,745 - INFO - Opening Excel Files...
2025-03-27 16:52:23,322 - INFO - Data successfully written to raw_tweets table.
2025-03-27 16:52:23,365 - INFO - Preprocessing data...
2025-03-27 16:55:02,697 - INFO - Training the model...
2025-03-27 16:55:03,598 - INFO - saving model
2025-03-31 10:32:18,686 - INFO - Starting Sentiment Analysis Pipeline...
2025-03-31 10:32:18,686 - INFO - Loading raw data...
2025-03-31 10:32:18,686 - INFO - Opening Excel File...
2025-03-31 10:32:23,584 - INFO - Starting Sentiment Analysis Pipeline...
2025-03-31 10:32:23,584 - INFO - Loading raw data...
2025-03-31 10:32:23,584 - INFO - Opening Excel File...
2025-03-31 11:06:40,390 - INFO - Starting Sentiment Analysis Pipeline...
2025-03-31 11:06:40,390 - INFO - Loading raw data...
2025-03-31 11:06:40,390 - INFO - Opening Excel File...
2025-03-31 11:06:40,752 - INFO - Data successfully written to raw_comments table.
2025-03-31 11:06:40,757 - INFO - Preprocessing data...
2025-03-31 11:21:43,112 - INFO - Starting Sentiment Analysis Pipeline...
2025-03-31 11:21:43,112 - INFO - Loading raw data...
2025-03-31 11:21:43,112 - INFO - Opening Excel File...
2025-03-31 11:24:58,612 - INFO - Starting Sentiment Analysis Pipeline...
2025-03-31 11:24:58,612 - INFO - Loading raw data...
2025-03-31 11:24:58,612 - INFO - Opening Excel File...
2025-03-31 11:24:59,056 - INFO - Data successfully written to raw_comments table.
2025-03-31 11:24:59,058 - INFO - Preprocessing data...
2025-03-31 11:30:38,698 - INFO - Starting Sentiment Analysis Pipeline...
2025-03-31 11:30:38,698 - INFO - Loading raw data...
2025-03-31 11:30:38,698 - INFO - Opening Excel File...
2025-03-31 11:30:39,115 - INFO - Data successfully written to raw_comments table.
2025-03-31 11:30:39,116 - INFO - Preprocessing data...
2025-03-31 11:30:49,461 - INFO - Training the model...
2025-03-31 11:30:49,707 - INFO - saving model
2025-03-31 11:36:24,614 - INFO - Starting Sentiment Analysis Pipeline...
2025-03-31 11:36:24,614 - INFO - Loading raw data...
2025-03-31 11:36:24,614 - INFO - Opening Excel File...
2025-03-31 11:36:25,033 - INFO - Data successfully written to raw_comments table.
2025-03-31 11:36:25,036 - INFO - Preprocessing data...
2025-03-31 11:36:34,404 - INFO - Training the model...
2025-03-31 11:36:35,708 - INFO - saving model
